... loading data
python: can't open file 'generate_caps.py_ye': [Errno 2] No such file or directory
python: can't open file 'generate_caps.py_ye': [Errno 2] No such file or directory
... loading data
Building f_init... Done
Building f_init... Done
Building f_init... Done
Building f_init... Done
Building f_init... Done
Building f_init... Done
Building f_init... Done
Building f_init... Done
Building f_init... Done
Building f_init... Done
3 - 8
2
3 - 15
2
3 - 24
5
3 - 32
5
3 - 39
2
3 - 46
3
3 - 54
9
3 - 63
5
3 - 70
5
3 - 78
2
3 - 86
9
3 - 95
5
3 - 103
5
3 - 109
4
3 - 118
2
3 - 128
2
3 - 136
5
3 - 144
5
3 - 152
0
3 - 0
5
3 - 14
9
3 - 23
8
3 - 31
2
3 - 38
0
3 - 45
5
3 - 52
5
3 - 61
5
3 - 69
9
3 - 77
2
3 - 87
2
3 - 95
5
3 - 103
8
3 - 111
5
3 - 119
2
3 - 126
2
3 - 134
5
3 - 143
1
Building f_init... Done
Building f_init... Done
Building f_init... Done
Building f_init... Done
Building f_init... Done
Building f_init... Done
Building f_init... Done
Building f_init... Done
Building f_init... Done
Building f_init... Done
0 - 11
2
0 - 19
5
0 - 28
9
0 - 37
4
0 - 45
5
0 - 53
5
0 - 60
4
0 - 68
9
0 - 74
2
0 - 84
6
0 - 93
9
0 - 101
9
0 - 110
5
0 - 117
2
0 - 126
2
0 - 133
2
0 - 140
5
0 - 148
7
0 - 157
6
0 - 5
2
0 - 9
5
0 - 16
9
0 - 24
6
0 - 32
5
0 - 40
5
0 - 48
8
0 - 56
5
0 - 64
5
0 - 72
3
0 - 80
5
0 - 88
5
0 - 96
4
0 - 104
5
0 - 112
5
0 - 120
9
0 - 128
5
0 - 136
4
0 - 144
1
Building f_init... Done
Building f_init... Done
Building f_init... Done
Building f_init... Done
Building f_init... Done
Building f_init... Done
Building f_init... Done
Building f_init... Done
Building f_init... Done
Building f_init... Done
2 - 4
1
2 - 10
5
2 - 18
3
2 - 27
5
2 - 36
4
2 - 43
8
2 - 52
2
2 - 59
2
2 - 67
5
2 - 76
2
2 - 82
7
2 - 90
5
2 - 99
5
2 - 108
6
2 - 119
5
2 - 125
9
2 - 134
5
2 - 141
0
2 - 149
2
2 - 156
5
2 - 4
0
2 - 11
8
2 - 21
5
2 - 29
7
2 - 35
8
2 - 46
5
2 - 51
9
2 - 59
5
2 - 68
5
2 - 75
4
2 - 82
2
2 - 90
1
2 - 99
5
2 - 105
8
2 - 113
9
2 - 121
5
2 - 129
3
2 - 137
4
2 - 145
5
Building f_init... Done
Building f_init... Done
Building f_init... Done
Building f_init... Done
Building f_init... Done
Building f_init... Done
Building f_init... Done
Building f_init... Done
Building f_init... Done
Building f_init... Done
1 - 7
9
1 - 16
5
1 - 21
5
1 - 29
5
1 - 35
0
1 - 44
5
1 - 51
2
1 - 61
3
1 - 69
4
1 - 77
1
1 - 85
5
1 - 92
5
1 - 100
5
1 - 107
2
1 - 115
5
1 - 122
7
1 - 132
5
1 - 139
4
1 - 147
9
1 - 155
9
1 - 3
2
1 - 8
9
1 - 17
5
1 - 25
4
1 - 34
5
1 - 42
8
1 - 53
0
1 - 60
5
1 - 67
2
1 - 76
0
1 - 84
3
1 - 92
2
1 - 100
5
1 - 108
8
1 - 116
7
1 - 124
3
1 - 132
5
1 - 140
5
1 - 146
5
Building f_init... Done
Building f_init... Done
Building f_init... Done
Building f_init... Done
Building f_init... Done
Building f_init... Done
Building f_init... Done
Building f_init... Done
Building f_init... Done
Building f_init... Done
6 - 14
5
6 - 20
8
6 - 26
5
6 - 34
1
6 - 41
5
6 - 49
5
6 - 58
5
6 - 66
5
6 - 75
3
6 - 83
4
6 - 91
5
6 - 98
5
6 - 106
3
6 - 114
1
6 - 123
4
6 - 130
8
6 - 138
5
6 - 146
2
6 - 154
5
6 - 2
8
6 - 12
7
6 - 19
5
6 - 26
5
6 - 36
5
6 - 43
5
6 - 50
9
6 - 58
5
6 - 66
5
6 - 74
8
6 - 83
9
6 - 91
2
6 - 98
2
6 - 107
5
6 - 114
5
6 - 122
5
6 - 130
5
6 - 139
3
6 - 148
1
Building f_init... Done
Building f_init... Done
Building f_init... Done
Building f_init... Done
Building f_init... Done
Building f_init... Done
Building f_init... Done
Building f_init... Done
Building f_init... Done
Building f_init... Done
7 - 1
4
7 - 3
4
7 - 9
1
7 - 17
2
7 - 25
1
7 - 33
6
7 - 42
5
7 - 50
5
7 - 57
8
7 - 65
2
7 - 73
2
7 - 81
9
7 - 89
9
7 - 97
9
7 - 105
5
7 - 113
5
7 - 121
5
7 - 129
9
7 - 137
0
7 - 145
8
7 - 153
5
7 - 1
5
7 - 13
9
7 - 20
8
7 - 27
4
7 - 33
9
7 - 41
9
7 - 49
4
7 - 57
5
7 - 65
5
7 - 73
5
7 - 81
2
7 - 89
5
7 - 97
5
7 - 106
3
7 - 115
7
7 - 123
9
7 - 131
5
7 - 138
9
7 - 147
9
Building f_init... Done
Building f_init... Done
Building f_init... Done
Building f_init... Done
Building f_init... Done
Building f_init... Done
Building f_init... Done
Building f_init... Done
Building f_init... Done
Building f_init... Done
5 - 0
3
5 - 2
8
5 - 5
6
5 - 13
0
5 - 22
9
5 - 31
1
5 - 40
5
5 - 48
5
5 - 56
5
5 - 64
0
5 - 72
5
5 - 80
2
5 - 87
7
5 - 96
9
5 - 104
5
5 - 111
5
5 - 116
2
5 - 124
2
5 - 131
9
5 - 142
9
5 - 150
8
5 - 158
4
5 - 7
5
5 - 10
2
5 - 18
7
5 - 28
0
5 - 37
5
5 - 44
2
5 - 54
8
5 - 62
5
5 - 70
2
5 - 79
2
5 - 86
3
5 - 93
5
5 - 101
2
5 - 109
5
5 - 117
5
5 - 125
0
5 - 133
9
5 - 141
2
5 - 149
5
Building f_init... Done
Building f_init... Done
Building f_init... Done
Building f_init... Done
Building f_init... Done
Building f_init... Done
Building f_init... Done
Building f_init... Done
Building f_init... Done
Building f_init... Done
4 - 6
5
4 - 12
4
4 - 23
5
4 - 30
5
4 - 38
2
4 - 47
5
4 - 55
8
4 - 62
5
4 - 71
5
4 - 79
5
4 - 88
2
4 - 94
2
4 - 102
2
4 - 112
5
4 - 120
9
4 - 127
9
4 - 135
3
4 - 143
5
4 - 151
9
4 - 159
9
4 - 6
6
4 - 15
9
4 - 22
4
4 - 30
5
4 - 39
3
4 - 47
9
4 - 55
3
4 - 63
5
4 - 71
3
4 - 78
7
4 - 85
7
4 - 94
5
4 - 102
5
4 - 110
9
4 - 118
8
4 - 127
5
4 - 135
7
4 - 142
4
4 - 150
4
Development Set... Finished sending DEV
Sample  1 / 160  Done
Sample  11 / 160  Done
Sample  21 / 160  Done
Sample  31 / 160  Done
Sample  41 / 160  Done
Sample  51 / 160  Done
Sample  61 / 160  Done
Sample  71 / 160  Done
Sample  81 / 160  Done
Sample  91 / 160  Done
Sample  101 / 160  Done
Sample  111 / 160  Done
Sample  121 / 160  Done
Sample  131 / 160  Done
Sample  141 / 160  Done
Sample  151 / 160  Done
Finished Generationg DEV
Done
Test Set... Finished sending TEST
Sample  1 / 151  Done
Sample  11 / 151  Done
Sample  21 / 151  Done
Sample  31 / 151  Done
Sample  41 / 151  Done
Sample  51 / 151  Done
Sample  61 / 151  Done
Sample  71 / 151  Done
Sample  81 / 151  Done
Sample  91 / 151  Done
Sample  101 / 151  Done
Sample  111 / 151  Done
Sample  121 / 151  Done
Sample  131 / 151  Done
Sample  141 / 151  Done
Sample  151 / 151  Done
Finished Generationg TEST
Done
Building f_init... Done
Building f_init... Done
Building f_init... Done
Building f_init... Done
Building f_init... Done
Building f_init... Done
Building f_init... Done
Building f_init... Done
Building f_init... Done
Building f_init... Done
0 - 6
5
0 - 14
5
0 - 21
5
0 - 29
5
0 - 36
4
0 - 44
5
0 - 52
2
0 - 60
4
0 - 68
9
0 - 75
3
0 - 83
4
0 - 93
9
0 - 101
9
0 - 109
4
0 - 117
2
0 - 125
9
0 - 134
5
0 - 142
9
0 - 151
9
0 - 0
5
0 - 10
2
0 - 18
7
0 - 31
2
0 - 38
0
0 - 46
5
0 - 54
8
0 - 61
5
0 - 69
9
0 - 77
2
0 - 87
2
0 - 95
5
0 - 103
8
0 - 111
5
0 - 119
2
0 - 126
2
0 - 134
5
0 - 142
4
Building f_init... Done
Building f_init... Done
Building f_init... Done
Building f_init... Done
Building f_init... Done
Building f_init... Done
Building f_init... Done
Building f_init... Done
Building f_init... Done
Building f_init... Done
6 - 8
2
6 - 15
2
6 - 24
5
6 - 32
5
6 - 39
2
6 - 47
5
6 - 55
8
6 - 63
5
6 - 71
5
6 - 79
5
6 - 87
7
6 - 94
2
6 - 102
2
6 - 112
5
6 - 120
9
6 - 128
2
6 - 137
0
6 - 145
8
6 - 153
5
6 - 1
5
6 - 14
9
6 - 22
4
6 - 29
7
6 - 35
8
6 - 45
5
6 - 53
0
6 - 60
5
6 - 67
2
6 - 75
4
6 - 82
2
6 - 90
1
6 - 97
5
6 - 105
8
6 - 113
9
6 - 121
5
6 - 129
3
6 - 137
4
6 - 145
5
Building f_init... Done
Building f_init... Done
Building f_init... Done
Building f_init... Done
Building f_init... Done
Building f_init... Done
Building f_init... Done
Building f_init... Done
Building f_init... Done
Building f_init... Done
4 - 7
9
4 - 16
5
4 - 23
5
4 - 31
1
4 - 40
5
4 - 48
5
4 - 56
5
4 - 64
0
4 - 72
5
4 - 80
2
4 - 88
2
4 - 96
9
4 - 104
5
4 - 110
5
4 - 116
2
4 - 124
2
4 - 132
5
4 - 140
5
4 - 148
7
4 - 157
6
4 - 5
2
4 - 9
5
4 - 16
9
4 - 24
6
4 - 32
5
4 - 40
5
4 - 48
8
4 - 56
5
4 - 64
5
4 - 72
3
4 - 80
5
4 - 88
5
4 - 96
4
4 - 104
5
4 - 112
5
4 - 120
9
4 - 128
5
4 - 136
4
4 - 144
1
Building f_init... Done
Building f_init... Done
Building f_init... Done
Building f_init... Done
Building f_init... Done
Building f_init... Done
Building f_init... Done
Building f_init... Done
Building f_init... Done
Building f_init... Done
1 - 0
3
1 - 3
4
1 - 12
4
1 - 20
8
1 - 28
9
1 - 37
4
1 - 45
5
1 - 53
5
1 - 61
3
1 - 69
4
1 - 77
1
1 - 85
5
1 - 92
5
1 - 100
5
1 - 108
6
1 - 118
2
1 - 126
2
1 - 133
2
1 - 141
0
1 - 149
2
1 - 156
5
1 - 4
0
1 - 8
9
1 - 17
5
1 - 27
4
1 - 34
5
1 - 44
2
1 - 51
9
1 - 59
5
1 - 68
5
1 - 74
8
1 - 83
9
1 - 91
2
1 - 98
2
1 - 106
3
1 - 116
7
1 - 124
3
1 - 132
5
1 - 140
5
1 - 147
9
Building f_init... Done
Building f_init... Done
Building f_init... Done
Building f_init... Done
Building f_init... Done
Building f_init... Done
Building f_init... Done
Building f_init... Done
Building f_init... Done
Building f_init... Done
5 - 1
4
5 - 9
1
5 - 17
2
5 - 25
1
5 - 33
6
5 - 41
5
5 - 49
5
5 - 57
8
5 - 65
2
5 - 73
2
5 - 81
9
5 - 89
9
5 - 97
9
5 - 105
5
5 - 113
5
5 - 121
5
5 - 129
9
5 - 136
5
5 - 144
5
5 - 152
0
5 - 159
9
5 - 6
6
5 - 11
8
5 - 23
8
5 - 30
5
5 - 39
3
5 - 47
9
5 - 55
3
5 - 62
5
5 - 71
3
5 - 79
2
5 - 86
3
5 - 93
5
5 - 101
2
5 - 109
5
5 - 117
5
5 - 125
0
5 - 133
9
5 - 141
2
5 - 148
1
Building f_init... Done
Building f_init... Done
Building f_init... Done
Building f_init... Done
Building f_init... Done
Building f_init... Done
Building f_init... Done
Building f_init... Done
Building f_init... Done
Building f_init... Done
3 - 5
6
3 - 13
0
3 - 22
9
3 - 30
5
3 - 38
2
3 - 46
3
3 - 54
9
3 - 62
5
3 - 70
5
3 - 78
2
3 - 86
9
3 - 95
5
3 - 103
5
3 - 111
5
3 - 119
5
3 - 127
9
3 - 135
3
3 - 143
5
3 - 150
8
3 - 158
4
3 - 7
5
3 - 13
9
3 - 19
5
3 - 25
4
3 - 33
9
3 - 41
9
3 - 49
4
3 - 57
5
3 - 65
5
3 - 73
5
3 - 81
2
3 - 89
5
3 - 99
5
3 - 108
8
3 - 115
7
3 - 123
9
3 - 131
5
3 - 138
9
3 - 146
5
Building f_init... Done
Building f_init... Done
Building f_init... Done
Building f_init... Done
Building f_init... Done
Building f_init... Done
Building f_init... Done
Building f_init... Done
Building f_init... Done
Building f_init... Done
2 - 2
8
2 - 10
5
2 - 18
3
2 - 26
5
2 - 34
1
2 - 43
8
2 - 50
5
2 - 58
5
2 - 66
5
2 - 76
2
2 - 84
6
2 - 91
5
2 - 98
5
2 - 106
3
2 - 114
1
2 - 122
7
2 - 131
9
2 - 139
4
2 - 147
9
2 - 155
9
2 - 2
8
2 - 12
7
2 - 21
5
2 - 28
0
2 - 36
5
2 - 42
8
2 - 52
5
2 - 63
5
2 - 70
2
2 - 78
7
2 - 85
7
2 - 94
5
2 - 102
5
2 - 110
9
2 - 118
8
2 - 127
5
2 - 135
7
2 - 143
1
2 - 150
4
Building f_init... Done
Building f_init... Done
Building f_init... Done
Building f_init... Done
Building f_init... Done
Building f_init... Done
Building f_init... Done
Building f_init... Done
Building f_init... Done
Building f_init... Done
7 - 4
1
7 - 11
2
7 - 19
5
7 - 27
5
7 - 35
0
7 - 42
5
7 - 51
2
7 - 59
2
7 - 67
5
7 - 74
2
7 - 82
7
7 - 90
5
7 - 99
5
7 - 107
2
7 - 115
5
7 - 123
4
7 - 130
8
7 - 138
5
7 - 146
2
7 - 154
5
7 - 3
2
7 - 15
9
7 - 20
8
7 - 26
5
7 - 37
5
7 - 43
5
7 - 50
9
7 - 58
5
7 - 66
5
7 - 76
0
7 - 84
3
7 - 92
2
7 - 100
5
7 - 107
5
7 - 114
5
7 - 122
5
7 - 130
5
7 - 139
3
7 - 149
5
Development Set... Finished sending DEV
Sample  1 / 160  Done
Sample  11 / 160  Done
Sample  21 / 160  Done
Sample  31 / 160  Done
Sample  41 / 160  Done
Sample  51 / 160  Done
Sample  61 / 160  Done
Sample  71 / 160  Done
Sample  81 / 160  Done
Sample  91 / 160  Done
Sample  101 / 160  Done
Sample  111 / 160  Done
Sample  121 / 160  Done
Sample  131 / 160  Done
Sample  141 / 160  Done
Sample  151 / 160  Done
Finished Generationg DEV
Done
Test Set... Finished sending TEST
Sample  1 / 151  Done
Sample  11 / 151  Done
Sample  21 / 151  Done
Sample  31 / 151  Done
Sample  41 / 151  Done
Sample  51 / 151  Done
Sample  61 / 151  Done
Sample  71 / 151  Done
Sample  81 / 151  Done
Sample  91 / 151  Done
Sample  101 / 151  Done
Sample  111 / 151  Done
Sample  121 / 151  Done
Sample  131 / 151  Done
Sample  141 / 151  Done
Sample  151 / 151  Done
Finished Generationg TEST
Done
